<?xml version="1.0" encoding="UTF-8"?>
<!-- Generated by org.testng.reporters.JUnitReportReporter -->
<testsuite skipped="0" hostname="DESKTOP-61JT6B8" name="com.VW.qa.TestPages.HomePageTest" tests="1" failures="0" timestamp="16 Dec 2018 05:16:03 GMT" time="8.925" errors="0">
  <testcase name="clickPhones" time="8.925" classname="com.VW.qa.TestPages.HomePageTest"/>
</testsuite> <!-- com.VW.qa.TestPages.HomePageTest -->
