<?xml version="1.0" encoding="UTF-8"?>
<!-- Generated by org.testng.reporters.JUnitReportReporter -->
<testsuite skipped="0" hostname="DESKTOP-61JT6B8" name="com.VW.qa.TestPages.AllSmartPhonesPageTest" tests="1" failures="0" timestamp="16 Dec 2018 05:16:03 GMT" time="4.824" errors="0">
  <testcase name="clickApple" time="4.824" classname="com.VW.qa.TestPages.AllSmartPhonesPageTest"/>
</testsuite> <!-- com.VW.qa.TestPages.AllSmartPhonesPageTest -->
